0.000000000000000000e+00 0.000000000000000000e+00 0.000000000000000000e+00
-5.012480139529698064e-01 1.333570150336235716e-02 1.741781965994692455e-02
-9.898429272637145893e-01 8.198211652813762419e-04 1.399255288179478418e-01
-1.465232829694178118e+00 -4.261698526806504544e-02 3.856636684576583152e-01
-1.945987898583792397e+00 -9.906058795400463080e-02 7.447503533834347600e-01
-2.386347082729164182e+00 -1.518631001281216530e-01 1.187288260751905744e+00
-2.754047771133325551e+00 -2.016340721998673702e-01 1.697870528673012913e+00
-3.031452227976647151e+00 -2.471179347299442552e-01 2.252657559131931553e+00
-3.209792108336066985e+00 -2.926554968408654478e-01 2.834970178464695678e+00
-3.281314265582031986e+00 -3.382831973865419450e-01 3.423423464813730277e+00
-3.247922359602931408e+00 -3.848181866194790302e-01 4.005668933881498361e+00
-3.131064227298152591e+00 -4.540709608959517807e-01 4.455842270019080509e+00
-2.925614652587731790e+00 -5.146307869101179877e-01 4.934653637997502784e+00
-2.642848288708063986e+00 -5.623497467008226058e-01 5.392386319730082533e+00
-2.279539465551709387e+00 -5.984683979636428175e-01 5.820300048950696414e+00
-1.842421453197309100e+00 -6.215913753182478185e-01 6.197524395329085500e+00
-1.351797885349982797e+00 -6.506171635092934391e-01 6.477975541253856662e+00
-8.329224314484751091e-01 -6.785790789102110754e-01 6.660506859838923432e+00
-3.039573622867119962e-01 -7.160436966202529119e-01 6.732094711337540893e+00
2.317791083795737450e-01 -7.328692274102960313e-01 6.733607451250495757e+00
7.511071708916889911e-01 -7.331079810845252398e-01 6.659627571873212304e+00
1.245661404738447109e+00 -7.002159993181269471e-01 6.539042935930973854e+00
1.719467005160113970e+00 -6.326169159233501205e-01 6.376909329446013075e+00
2.176702240856419390e+00 -5.299882265215312138e-01 6.166586557706870586e+00
2.607201954150727641e+00 -4.138436544740616285e-01 5.873438942526676421e+00
2.972477203819661185e+00 -3.448722846998615865e-01 5.425175458584909904e+00
3.224541471077769561e+00 -3.125822826631034501e-01 4.881062820398314628e+00
3.355610956684041302e+00 -3.056513917462621022e-01 4.271811921991708338e+00
3.367838026382614203e+00 -3.043883481597664531e-01 3.644381901608090502e+00
3.269562887988587185e+00 -2.987383444216212824e-01 3.030894393114042629e+00
3.069122475904277891e+00 -2.874900764953861598e-01 2.447185701041040051e+00
2.767951912599208253e+00 -2.718966352319738822e-01 1.908534349301968414e+00
2.373024355783606154e+00 -2.545792208495903930e-01 1.430056740097879198e+00
1.896247672836362863e+00 -2.343588237404366781e-01 1.026819058208859659e+00
1.360707155025447923e+00 -2.076274943633980297e-01 7.070006384742137939e-01
7.924471544424477321e-01 -1.722352721631069672e-01 4.773048220550712428e-01
