9.848565196847432548e-03 2.029046177864416572e-02 -5.432955095816039970e-01
-2.191334142549568580e-03 1.139852996949916424e-02 -5.526639137811388824e-01
-5.968140742528608295e-03 2.158028128405451405e-03 -5.694541123340095545e-01
-7.992176433781148295e-03 -7.409029856461599693e-03 -5.751466173767455503e-01
-9.862631995128517959e-03 -1.872748201175747536e-03 -5.798064910092046720e-01
-9.697283656227441428e-03 -2.004909910057826872e-02 -6.103175916039331739e-01
-1.889906037160978339e-02 -3.136374155351942181e-03 -6.363602173888589508e-01
-3.262239412841092673e-02 -6.457472790932476669e-02 -6.541011669767281544e-01
-1.791208656920242892e-02 -3.420020703499000031e-02 -6.602406928831315858e-01
-2.309566096137448399e-02 -3.388410310993685676e-04 -6.477454387741156117e-01
-1.934684216044033761e-02 -1.599218637079157304e-02 -6.678953478912148523e-01
-1.919344355573158328e-02 -1.662597155082304323e-02 -6.699341165987057201e-01
-2.633216355327483785e-02 -4.951573498307287879e-02 -6.945940619435537755e-01
-1.912208136616561777e-02 -1.867769517689474995e-02 -6.860758313360396654e-01
-2.302107180266664554e-02 -3.347250361673089619e-02 -6.994072556186469170e-01
-2.130197163326268128e-02 -2.588736546998507415e-02 -6.975772318385173865e-01
-2.404985199769864301e-02 -3.261912859068263199e-02 -7.062243435833536198e-01
-7.774293194340225165e-03 -2.358039047245263919e-02 -5.829830944998216635e-01
-1.766936002774376069e-02 -3.039239633228154377e-03 -6.334299389234061550e-01
-2.212134769137288556e-02 -1.195398527349712803e-02 -6.437847738615823934e-01
-3.953574511666517466e-02 -6.693445065116558623e-02 -6.662976939321312297e-01
-1.614621743790910918e-02 2.627355816448045597e-02 -6.460267569543151067e-01
-2.489731351664867948e-02 -5.772028486997998580e-04 -6.611196867907795927e-01
-1.855575973572585677e-02 -2.365916909972223120e-02 -6.761269601610407909e-01
-2.091451141486949314e-02 -2.827002260964512487e-02 -6.909485028556381359e-01
-2.014917496753800691e-02 -2.319592055502247771e-02 -6.976245882816762833e-01
-2.468717606364512207e-02 2.749216317449364178e-03 -6.917677449056207628e-01
-2.363732276045989178e-02 -3.239021626551360361e-02 -7.133014665172074942e-01
-2.490712439014377069e-02 5.171647105160371433e-03 -6.948901469082160443e-01
-2.616447626513486793e-02 4.056627981730643109e-03 -7.101635668098107423e-01
5.504176782747964916e-03 1.718091951043490204e-02 -5.416751743355107118e-01
1.311096076699680944e-02 2.433556155152325276e-02 -5.468665088021180676e-01
-2.244552349792602788e-03 -7.609133742519866468e-03 -5.600369009037482471e-01
-2.833055572726014739e-03 -7.815837555385382607e-03 -5.613513523701720853e-01
-2.073963616140351695e-03 9.264468621673682680e-03 -5.543945876220918167e-01
-3.044749762215478474e-03 -9.018417652529345588e-03 -5.628444040024049855e-01
-4.862185353452000945e-03 3.058708697518406142e-03 -5.606717493650968942e-01
-6.026855006361392549e-03 -1.507359002656307422e-02 -5.699419969661356777e-01
-8.481286000097955705e-03 -3.630958196461536811e-03 -5.762203543093149527e-01
-1.169709039653735877e-02 -3.092986269624118170e-02 -5.980466573762405202e-01
-1.737778777273468397e-02 -3.782171732153617044e-02 -6.412597342462712513e-01
-1.710589324438917258e-02 -3.636278079741502023e-02 -6.414179905950424532e-01
-1.887072551732940986e-02 -7.694960777117368540e-03 -6.303461095318184659e-01
-1.915552386967442344e-02 -2.619421139470886478e-02 -6.627867632873488679e-01
-3.434061202664034917e-02 -5.816175841626534254e-02 -6.845623403260476803e-01
-2.055089457828664784e-02 -3.851932032103656117e-02 -6.892737239858847120e-01
-1.892624857903361241e-02 -1.876622145309285103e-02 -6.822093312145643962e-01
-2.036833993139650772e-02 -2.686200013788236918e-02 -6.899625879673182416e-01
-2.857938295090379360e-02 -4.675231970681521104e-02 -7.046245480956809804e-01
-2.335082424143416352e-02 7.487553819631819971e-03 -6.858359133853791922e-01
-2.560357660939976965e-02 -3.483469463553849621e-02 -7.137659456632785560e-01
-2.799188484450439510e-02 8.569272437606658983e-04 -7.142631038191873394e-01
-3.380263319293986754e-03 7.251476010203212162e-03 -5.567081127964074172e-01
-7.232131406344213635e-03 2.025226164883537142e-03 -5.735026424114212373e-01
-5.635142529135812525e-03 4.137083576967728535e-03 -5.730926080847169590e-01
-8.878459608710713782e-03 -6.217060808635623470e-04 -5.751923867824075831e-01
-9.150212408121678395e-03 -2.926056380631148032e-04 -5.795568926525275222e-01
-8.200514677528709245e-03 7.798257820441356625e-04 -5.799340847514126152e-01
-1.581398366288365442e-02 -3.373499249528584543e-02 -6.356852046660625977e-01
-2.117451393323051961e-02 -9.372467857158247803e-03 -6.385585513754253872e-01
-3.720749211833406650e-02 -6.343196179595080031e-02 -6.700776898384273039e-01
-9.537973133458671135e-03 2.496677698303097562e-02 -6.310829569125162575e-01
-2.000521707893411841e-02 6.808661522212358132e-03 -6.517752950640459675e-01
-2.364575881097013069e-02 -3.225073612690535635e-02 -6.923713553863619641e-01
-3.209336045208427413e-02 -5.048587977815429534e-02 -7.018568004571925645e-01
-2.151068775394433460e-02 -3.113555791013694271e-02 -6.947347253512942133e-01
-2.021521930970013314e-02 8.492467095532248850e-03 -6.696559226377696294e-01
-2.084046943430026277e-02 -2.623563377204538374e-02 -6.958685680779230776e-01
-2.186499144558639793e-02 -2.689395444826813558e-02 -7.006361260768652066e-01
-2.080468458287416597e-02 -2.484650031734016162e-02 -7.027874985795552476e-01
-2.116714311647849636e-02 -2.540385703166877021e-02 -7.063673813920360312e-01
-2.100723290878660568e-02 -2.617054355571053065e-02 -7.092447864374646915e-01
-1.576892667545295654e-02 1.018982607869558729e-02 -6.610544756457649163e-01
-2.428661555314359788e-02 -3.763537039395428024e-02 -7.030153704054850072e-01
-1.899606516332043304e-02 1.040284611477162828e-02 -6.799225111177608083e-01
9.396051350170402106e-03 1.935642592547287197e-02 -5.438016703012982234e-01
-5.716775419720785366e-03 -1.709054687279344328e-02 -5.678089942807781343e-01
-3.132064822945392329e-03 7.406730600623859066e-03 -5.593297272624625505e-01
-3.711019383198795474e-03 6.487031450548377993e-03 -5.676767028244804614e-01
-3.424939534492080044e-03 5.376017720971997677e-03 -5.734503119660255832e-01
-1.458541236063674515e-02 -1.748446026311390421e-03 -5.852277294794318019e-01
-1.210109451162657591e-02 5.422738766121882811e-03 -5.912042108885924296e-01
-3.800388361684746419e-02 -6.746561332407616240e-02 -6.515427921116336840e-01
-3.584588268488642093e-02 -6.463780945420539992e-02 -6.606629803080134034e-01
-3.850054464387640818e-02 -6.942581577380663171e-02 -6.664245169081225439e-01
-3.420264123932503786e-02 -5.803001381204252185e-02 -6.741645574943931907e-01
-3.463432692764163018e-02 -5.985383563194854317e-02 -6.814538862189220003e-01
-3.638745749557243531e-02 -5.990450265354278769e-02 -6.836163504342197550e-01
-1.767012387464061973e-02 2.704920194866513444e-02 -6.330637244738661629e-01
-1.986431030533187050e-02 9.426311230026403892e-03 -6.886497055332725381e-01
3.162798064097750717e-02 9.675806918351804661e-03 -7.100453446432551941e-01
6.779021587920295439e-03 1.902649495670620181e-02 -5.655996657943058725e-01
-4.179311588368243846e-02 -7.996743868407660272e-02 -6.387954267244834172e-01
-1.091282557073846964e-02 6.391626472115175157e-03 -5.912612497919547128e-01
-3.959408444844751684e-02 -7.679051020186282439e-02 -6.422348773256404408e-01
-1.237204001534560581e-02 6.195424200988731457e-03 -5.936914014043881416e-01
-1.036066050657262656e-02 6.918308216831279243e-03 -5.937684935408816811e-01
-4.174785996470542493e-02 -7.524963075002882862e-02 -6.511919271499467810e-01
-6.763159403789714696e-03 7.011719122000249771e-03 -6.082984568493207123e-01
-1.438975282409586144e-02 1.054363473133496792e-02 -6.589853103135624446e-01
-1.891601575439717797e-02 1.013151850032973506e-02 -6.753879861570398768e-01
-1.748753279788347118e-02 1.085586032836679919e-02 -6.792693306216731619e-01
-2.273274243955725540e-02 7.662984388748459927e-03 -6.888116148113432313e-01
1.236034850554809661e-02 2.492327537553793576e-02 -5.481562446394155907e-01
-1.271445903111565780e-02 4.288606785300294773e-03 -5.896615924344990045e-01
-9.807418025239007103e-03 7.273871169435341087e-03 -5.963438070772164590e-01
1.811070519000422194e-02 -6.152819882347012638e-03 -5.996337360309724751e-01
3.671358144561068931e-02 1.531455038901990973e-02 -6.049299219866590693e-01
-9.194936376535992398e-03 4.001365923590187619e-03 -6.327813050923390970e-01
-1.385511778852092576e-02 1.142179848436698786e-02 -6.704331645913340632e-01
-1.622539834622046054e-02 1.563864988186114760e-02 -7.161320247919191750e-01
-1.545357224820702660e-02 1.784896111527966428e-02 -7.202736992806830774e-01
-7.868357158553268907e-03 2.227277661327331168e-03 -5.825098519499476435e-01
-3.142665711003931293e-03 5.009174967408787545e-03 -6.160401850719021688e-01
-7.118833533046356812e-03 4.432757341946993133e-03 -6.246009473518030486e-01
-3.054639398581057534e-03 4.049343062725862218e-03 -6.235798365481322048e-01
-5.123916231109318375e-03 4.954644459459445552e-03 -6.370019198499941027e-01
-1.390198253911712617e-02 2.437957430810593767e-02 -6.300569560777556921e-01
-1.300731332940658659e-02 1.071053336171365333e-02 -6.620944938959066883e-01
-1.765402713903635804e-02 1.033851155942991894e-02 -6.779070457850063791e-01
1.239737846319781574e-02 1.820859816087768562e-02 -5.445034938076229736e-01
-5.844615658596685054e-03 5.987262921147424102e-03 -6.136756111666854530e-01
1.083077596061053985e-02 -2.479621792635769081e-03 -6.140772132868295152e-01
-5.229899361459388989e-03 3.954524149806534425e-03 -6.182004379681743655e-01
8.817830811813595973e-03 -2.490449801572936980e-03 -6.179470442639825034e-01
5.115043926968961333e-04 2.628547229501941931e-03 -6.194898509805841780e-01
7.593127725885770625e-03 -5.728325477372304703e-04 -6.196501276272206038e-01
-6.102861972926368166e-03 3.846893660897742883e-03 -6.242667950796327858e-01
-3.954389379010299702e-03 3.689664293226473536e-03 -6.319116453675266420e-01
-1.599827168623831541e-03 4.628707916814129089e-03 -6.359190223990972557e-01
3.977275996842499772e-02 1.900512434749564855e-02 -6.197935004579323559e-01
-1.658366436818406106e-02 2.682234750925939146e-02 -6.452975649666885527e-01
-1.106336158664209847e-02 9.910195621651579287e-03 -6.571495875679709275e-01
-1.095732167282648627e-02 1.017793349162436634e-02 -6.670040393075691298e-01
-9.811532465374054809e-03 1.110093709325329393e-02 -7.202216184785799058e-01
-3.731770759551545063e-03 6.789706867059574699e-03 -6.026112213365034664e-01
-2.030317036204964606e-02 8.098734341998068548e-03 -6.101478887029503362e-01
-1.953247061184992112e-02 7.403020020908744961e-03 -6.117134680889958487e-01
-5.047324864490968128e-03 7.197171885349185061e-03 -6.059465377453352453e-01
9.609963007639412552e-03 -2.118401314508512666e-04 -6.034485050056831446e-01
-1.946220402295698731e-02 1.434822642254367231e-02 -6.209444807155304336e-01
-4.903474712647197878e-03 4.687448805995671555e-03 -6.200023788460321539e-01
-3.704111451910737079e-03 4.369910137038256030e-03 -6.204877300874994672e-01
3.837846367291742472e-02 1.391507398907027709e-02 -6.044964512743006280e-01
-5.345174704395931620e-03 4.079500498373926122e-03 -6.312278366608191638e-01
-1.556938532257335847e-02 2.337926150687822877e-02 -6.284326940901019398e-01
-5.233677921478183635e-03 4.389376289248222984e-03 -6.345497410691959272e-01
7.637985073624573365e-03 -6.739542725761232854e-04 -6.356774949552763676e-01
1.291068194495261943e-03 3.752680588407696690e-03 -6.371975864996879402e-01
1.207200227097521977e-02 -5.088519704337676405e-03 -6.526541588242337211e-01
-1.589783314523551816e-02 1.036140112500249545e-02 -6.626762767185353509e-01
2.065635577347493118e-02 -5.904621136766995820e-03 -6.567183484986467423e-01
-1.439901052026538834e-02 1.116394015954085342e-02 -6.678031544627703875e-01
1.941126090635901871e-02 -1.599413570878241431e-03 -6.736454068811517093e-01
2.030948046110075608e-02 6.903396955373483027e-04 -6.942348848934203343e-01
2.217334173853886467e-02 -2.716122644239736170e-04 -6.988970036096295857e-01
2.131726619479346052e-02 2.406563502455871199e-03 -7.077863195860173429e-01
-6.355492997187101901e-03 1.024777822898794745e-02 -7.212674808603752874e-01
2.463005553834023836e-02 8.198702473711436817e-03 -7.087438874160622015e-01
2.707430318966294949e-02 9.480391309893655347e-03 -7.116694759747401733e-01
-1.408642268002175367e-02 6.894784683326249039e-03 -6.011514080080225808e-01
1.543155092438540203e-02 -5.807819720230110450e-03 -5.969254684727928195e-01
-2.048136700770572874e-02 1.155414488933487541e-02 -6.171144236091600233e-01
-2.780349966157212929e-03 5.697948300306311491e-03 -6.108099929301128439e-01
9.537926215450189329e-03 -3.152334408185781959e-04 -6.094277946683583913e-01
1.144847283294925938e-02 -1.718829997136923438e-03 -6.096992101405747100e-01
5.316865068064819885e-03 -2.963934622018955106e-04 -6.171273620451040998e-01
4.832528286633342059e-03 2.310418631756916484e-04 -6.276652163705680465e-01
3.208217642659140934e-03 2.276591903828653531e-03 -6.316379573317758567e-01
-7.678637797471616830e-03 4.947695150790726477e-03 -6.395318420236570933e-01
2.801125634500876115e-03 3.234320673643143601e-03 -6.405366716302004493e-01
-4.534866285826251800e-03 4.388808804693144702e-03 -6.561599094321165504e-01
2.205322153345980543e-02 -4.637428274716783906e-03 -6.690595241435405294e-01
2.375408749717944010e-02 -6.353334674104497461e-03 -6.691177357300469586e-01
1.809993833654511761e-02 -1.926282299525297007e-03 -6.715314909596596937e-01
2.217400449117697819e-02 -1.124607026089645108e-03 -6.789388574884254179e-01
2.222578676256363114e-02 -8.087608886451192435e-04 -6.907353829420199709e-01
-1.158468661493599131e-02 9.196624946332486797e-03 -7.153681094647351690e-01
2.238774374044871091e-02 8.471674193976780874e-05 -7.003245208293760182e-01
2.166557205005613385e-02 1.116850047345095687e-03 -7.055264651471818693e-01
2.446103122994855786e-02 -9.674730776844166777e-04 -7.073943829774473890e-01
1.253655495915617819e-02 1.173385632058822001e-02 -5.405382403470716524e-01
-3.354891229794100885e-03 6.585331487059895711e-03 -6.083063986353854924e-01
1.209239089797767633e-02 -1.652772592430818213e-03 -6.020478607435811869e-01
1.441320411885541920e-02 -4.788685988430751300e-03 -6.016823058725565554e-01
1.422131488934922326e-02 -4.254585795418407319e-03 -6.045422765422293621e-01
7.647963842221939569e-03 -5.014641284061530828e-04 -6.149813235988148552e-01
2.663322888461017082e-03 2.065678974929770640e-03 -6.203923622319540421e-01
-8.540215725648260536e-03 6.316994056411890171e-03 -6.453369571729508092e-01
-7.733181038639235470e-03 6.592449040016046258e-03 -6.494554655569183543e-01
-6.399258646132645334e-03 5.331359460465817310e-03 -6.510755110503378962e-01
-8.024335701240335392e-03 7.580717561337475471e-03 -6.562360004803848845e-01
8.713993028762198959e-03 -4.737465206490439930e-04 -6.500829901253725174e-01
7.685966867568371982e-03 3.665703677214447742e-05 -6.552241435477258458e-01
1.885955375087651487e-02 -7.642928120804569694e-03 -6.522631673978787070e-01
-2.171819206509408712e-03 1.868544999909825706e-03 -6.632371234237134372e-01
1.956355932585562840e-02 -3.297217942450116502e-03 -6.644484929422306285e-01
-1.361052806434804967e-02 1.145012096928333528e-02 -6.831153373185256950e-01
2.287103916289078345e-02 -5.693649141755273597e-03 -6.672792344048351643e-01
-1.451345252206317007e-02 8.347477682138457547e-03 -6.971043924343404141e-01
2.080958779126359029e-02 -7.297612554584331562e-04 -6.776685912953182012e-01
2.398824178116136172e-02 -4.109424077911825839e-03 -6.774420182086186015e-01
2.340222999997894002e-02 -2.598727523979877177e-03 -6.787928914319686369e-01
2.426416363105526539e-02 -3.863445855828298928e-03 -6.865002541064156860e-01
2.079465400922682339e-02 1.633522639389049292e-04 -6.902808110308074063e-01
2.331899296149834641e-02 -2.100213568081813875e-03 -6.935595301747612407e-01
-1.186081622128261348e-02 1.058531411024413171e-02 -7.162448941390375801e-01
3.020962807719311527e-02 2.511924269546259893e-03 -7.097925894009068370e-01
1.301028583224287001e-02 1.774285441412655137e-02 -5.675017848798463715e-01
-7.438793364151211540e-04 4.470300652211678730e-03 -6.125023867285414036e-01
2.235912529757642930e-02 -6.631070701535742885e-03 -6.013228004097938006e-01
1.076942414769849763e-03 2.832448200072558344e-03 -6.147899023023677412e-01
5.351274248610673329e-03 1.787918716555913015e-03 -6.132867001823727460e-01
6.243260868868943415e-03 6.475208970718914414e-04 -6.140206119357487502e-01
6.167163422632394171e-03 1.077050637456378667e-03 -6.492755802565796097e-01
-6.965218620645647306e-03 7.077429430952145162e-03 -6.610387975562906915e-01
-8.873041847422486264e-03 8.824882434540397627e-03 -6.653054436026860641e-01
1.783206457883719509e-02 -7.598654640303795053e-03 -6.503383521548327106e-01
2.052920057401009038e-02 -9.632535126913515516e-03 -6.519336235418513592e-01
-8.325155258019271629e-03 8.491334268350051936e-03 -6.707774459132287426e-01
-7.884321989164690819e-03 7.258545702101573856e-03 -6.744718833135686653e-01
-9.133208456961871419e-03 6.909731387362793437e-03 -6.834996345887976998e-01
1.919624892311391426e-02 -2.080444438985008370e-03 -6.686442432411431325e-01
2.393218566562598307e-02 -2.787714703931025613e-03 -6.827809163791209723e-01
-1.661415069855737975e-02 6.886443481572897783e-03 -7.122676602474687924e-01
-1.521709798603614050e-02 5.487260243782533971e-03 -7.123333684118958731e-01
2.052576100335147535e-02 5.817810039844310225e-04 -6.923464575478956995e-01
2.633368292463896670e-02 -2.983563475499719300e-03 -7.109459376078792747e-01
3.073381401306303148e-02 3.309599098745537229e-03 -7.109819516552703389e-01
1.606786579735899542e-02 1.145707108848387917e-02 -5.447709320184176418e-01
1.564424168162526288e-02 -9.838822534209807139e-03 -5.887183402510255403e-01
4.904023187370189218e-03 2.571941352619442223e-03 -5.955307877530175986e-01
1.574608352587075766e-02 -8.279315684294017916e-03 -5.905477811936769017e-01
1.323196958093792418e-02 -3.059392476001752525e-03 -6.018480700727867339e-01
8.380639155646914251e-03 8.568419682291935485e-04 -6.065889856045154627e-01
4.001189713758439293e-02 1.840293499363738691e-02 -6.135136999000043723e-01
1.034288010759549202e-02 -2.132158914794185598e-03 -6.496955879234314057e-01
-7.683068139689584047e-03 7.242145571247993532e-03 -6.686105767067777039e-01
2.233680586715339547e-02 -4.633352363573062585e-03 -6.722012500659162448e-01
-1.666270414057960045e-02 7.174217804997930388e-03 -7.094771129708780100e-01
-1.482398245926738745e-02 1.753942815837641195e-02 -7.185191893949886000e-01
-8.731303482391615522e-03 6.062641798645156642e-03 -7.158627027926891540e-01
1.086479186743122965e-02 1.514301356973879985e-02 -5.430251397668938163e-01
1.410002339500831918e-02 1.186060950319989434e-02 -5.587651285020162062e-01
1.359270401680446640e-02 1.624975135519873826e-02 -5.652097032576400837e-01
-3.844402732110903387e-02 -7.902114675036991942e-02 -6.456416919340750571e-01
3.603546234322578534e-02 1.944219942132790688e-02 -6.086148759575986666e-01
-3.602853194799782166e-02 -7.699005004719496059e-02 -6.541153212558470376e-01
3.927478341221645602e-02 1.862543270516162086e-02 -6.205604948020317924e-01
1.154239952984775254e-02 -5.129352540552589886e-03 -6.466881723431754381e-01
-3.149358234938542250e-02 -6.209354719973918940e-02 -6.733404815205004112e-01
-3.131261119504077234e-02 -6.791723604683640170e-02 -6.754793434394709140e-01
-2.869361131747637586e-02 -6.199259902087165403e-02 -6.883829962629263166e-01
-2.412441904798604680e-02 1.606337450783534848e-02 -7.163964476750853683e-01
-1.421053087461991021e-02 1.328139525865468587e-02 -7.137097352083017210e-01
-2.089809126289787766e-02 1.928774313212965746e-02 -7.208749549307328364e-01
-1.291519749495518253e-02 1.137144847412299015e-02 -7.167597726624633792e-01
-6.990353596498215770e-03 1.082027212374568788e-02 -7.215344513333088461e-01
2.518357372264518057e-02 -4.017682678978900732e-03 -6.984202911599668440e-01
2.502447569263460334e-02 -2.624589889550337125e-03 -7.062748084037411278e-01
1.288276899986449779e-02 1.256029778327284220e-02 -5.409825660100228140e-01
1.181452532876345503e-02 1.792796810227370585e-02 -5.441806509583025919e-01
9.840954928182037154e-03 -2.213963129305680962e-03 -5.746574948598637267e-01
9.085445064218980113e-03 -9.070397715275822087e-03 -5.759345005479241664e-01
2.130239303218251987e-02 -8.120864136254733398e-03 -5.978510511312400411e-01
-1.599229368581895835e-02 1.630314959136971650e-02 -6.275419502812721317e-01
-1.576453237301619209e-02 2.725415441070574638e-02 -6.307765116344568046e-01
2.316960869944722362e-02 -8.668437463777047339e-03 -6.022476121540989435e-01
2.478003986520820393e-02 -6.043511883783468826e-03 -6.048957331347378785e-01
-1.364007789350184414e-02 -3.288881520665908054e-02 -6.229823299539363202e-01
-6.786595856234467310e-03 -2.827034773266246664e-02 -6.242411427202793073e-01
-1.697356397867175182e-02 -3.766846758897061942e-02 -6.408622238158805384e-01
-3.736748495681330856e-02 -7.366813383261577863e-02 -6.473663955001388581e-01
4.095035533761110652e-02 1.553629064710364445e-02 -6.202497236283006643e-01
-3.518598606025670483e-02 -7.454685134469596353e-02 -6.518594817616384374e-01
8.862376603779108242e-03 -2.150280920930661838e-02 -6.355227142599094714e-01
1.963355414281134706e-02 -1.467697239754015698e-02 -6.489408540639911571e-01
2.298646617040107573e-02 -1.046161971389240539e-02 -6.661527661361060781e-01
-2.166193167604253678e-02 -4.694811558905149368e-02 -7.007598590281441941e-01
2.440854953888199619e-02 -4.062131122291922324e-03 -6.892086191345571100e-01
2.559167071318117770e-02 -5.692080583789378354e-03 -6.934198616689509764e-01
2.259354677284886384e-02 1.320930269184374117e-02 -7.119474575651251191e-01
2.114969679982405849e-03 1.502125922015403250e-03 -5.454700692518192895e-01
1.326080029559037476e-02 1.410047768781214246e-02 -5.437508744952009865e-01
9.394663350978325542e-03 -4.406892134748872578e-03 -5.648023433782195513e-01
1.088269549947576582e-02 2.030830407304818480e-02 -5.723607298458569526e-01
9.862821282583266597e-03 -2.243452453793505323e-03 -5.764721086175645937e-01
-1.042658492048995945e-02 -2.921807808024621395e-02 -5.962910766127548223e-01
2.105581791660101482e-02 -9.272859229449233534e-03 -5.964094975372203900e-01
2.231692826728465945e-02 -9.847967659991475539e-03 -5.987973348568779164e-01
-4.007569363023266718e-03 -2.600317396250806379e-02 -6.113898306086564816e-01
-7.673575592950919455e-03 -3.050366220857941499e-02 -6.353435587091925685e-01
1.105497373438060066e-02 -1.999778763610665297e-02 -6.403119079096702970e-01
-3.099614857891026809e-02 -6.771583370716932615e-02 -6.642846553693494416e-01
2.436580390031271165e-02 -6.110741892540912101e-03 -6.782997802089582029e-01
-4.005518019788005882e-03 -2.784450595470609399e-02 -6.911989566705885046e-01
-1.293371805062040227e-02 -3.687655321538994835e-02 -7.014676763597282871e-01
-1.951163639744411121e-02 -4.716392216141086086e-02 -7.065562512693196462e-01
1.439307401817004409e-02 2.657071008093921105e-02 -5.559116819565195211e-01
1.017042444063637197e-02 -2.760671764932054462e-03 -5.696924641992108240e-01
9.007931106862774109e-03 -9.217219167916287231e-03 -5.799250951381716979e-01
8.461262032224430366e-03 -9.997327297985020636e-03 -5.803772306150893900e-01
9.825714794859476131e-03 -7.021157238043222379e-03 -5.818536651389522030e-01
-5.224581744247535839e-03 -2.115645376754686849e-02 -5.982902000796282982e-01
2.365965699818882786e-02 -1.035470353866209219e-02 -6.041762939714693248e-01
3.345471536287527442e-02 6.772338618079392497e-03 -6.078614178393546563e-01
-1.420539324102356241e-02 -3.490357950336110682e-02 -6.164423294666914188e-01
1.031577939183741209e-02 -1.853991545741703884e-02 -6.324279546058012569e-01
1.027862253609962764e-02 -1.992430379110910615e-02 -6.357728599312176820e-01
6.153155201935704699e-03 -2.421742063971454861e-02 -6.362537883323839960e-01
-3.488040646973631503e-02 -7.138608743554766822e-02 -6.505028856795390668e-01
-3.278383503255771769e-02 -7.192979923998790714e-02 -6.588543474388028898e-01
-2.892447410467743904e-05 -2.308678905398843170e-02 -6.842181135086621291e-01
-5.307944401161777612e-03 -2.878620845986164939e-02 -6.884505045689445213e-01
-1.020391623571360873e-02 -3.359072006436140262e-02 -6.977263994120500579e-01
-2.257307844160949886e-02 -4.995370748915185788e-02 -7.044094655717254572e-01
-1.424843214150910142e-02 -3.896005486127709222e-02 -7.064392683132023620e-01
2.367938731121331866e-02 -1.135521738062726833e-02 -6.990582497405761764e-01
-2.186259517750700418e-02 -5.260102255964019952e-02 -7.072507191489983969e-01
-3.164998874068739726e-03 -9.239232407280783752e-03 -5.636025650743727855e-01
1.087167287945541884e-02 -5.794894757350081173e-04 -5.671105539835286091e-01
1.040096217470269299e-02 -1.402714088333064822e-03 -5.677538880386875375e-01
3.851462024742996482e-02 1.403862032798853729e-02 -6.050908383046433858e-01
3.957446354627595919e-02 1.376150806336405748e-02 -6.111852307834769737e-01
2.833570090342009060e-02 -6.443040917858766994e-03 -6.097050384728345263e-01
8.460487247736037456e-03 -1.937370957072573688e-02 -6.138349277408299276e-01
-3.675883657395892512e-03 -2.520709965436592273e-02 -6.213325098652162648e-01
5.333729305656304681e-03 -2.222291084334465650e-02 -6.212250077163351536e-01
1.074693333332682812e-02 -1.662120924461681429e-02 -6.254835503963299681e-01
-1.128066130003960860e-02 -2.688738864288032007e-02 -6.309711179975383555e-01
1.208444243609169827e-02 -1.112044649242083065e-02 -6.320053262615418221e-01
8.318859992139960094e-03 -2.236357560788437143e-02 -6.393670690278941970e-01
-4.048068772212417427e-02 -7.711608662201294151e-02 -6.418749224335587034e-01
6.887761385167699875e-03 -2.656533599197601070e-02 -6.496494231687225396e-01
-3.605410860222874048e-02 -6.413616355219733944e-02 -6.555764835122115386e-01
-3.362942480973301479e-02 -7.105312175793732088e-02 -6.528908000413341517e-01
1.832713989447510433e-02 -2.038438492508492725e-02 -6.652334953938238149e-01
-1.279128949679200983e-03 -2.465773235639485278e-02 -6.847131696359509689e-01
-2.057283631012131898e-03 -2.493937933127149398e-02 -6.893530102660611059e-01
-2.626504932341482482e-02 -5.841235789851463578e-02 -6.981111608984397199e-01
-1.861276157926218186e-02 -4.328396423985887698e-02 -7.044902804762002146e-01
-9.760283643411233820e-03 -3.396631983748348710e-02 -7.080263597769285155e-01
1.244484188943494746e-02 1.823149840311917092e-03 -5.550609211180109748e-01
9.706227401226457871e-03 -3.528057927778919470e-03 -5.648738206815053786e-01
6.900878936507120164e-03 -7.635278763858898560e-03 -5.660415008068937492e-01
2.262667211414389271e-02 -1.301111280135333788e-02 -6.032000872206634279e-01
3.965067529402909602e-02 1.840083904607611037e-02 -6.193411293343625834e-01
9.848214484828744092e-03 -1.831626672941219849e-02 -6.187863934699274759e-01
7.091066462107061853e-03 -2.129340763562658639e-02 -6.223812028713481270e-01
9.384097055989934141e-03 -1.986843105942409302e-02 -6.301757629318122111e-01
1.162965338862902501e-02 -1.540000274134014670e-02 -6.334811252854525288e-01
1.172454436089646890e-02 -1.715006396633589336e-02 -6.361480428171663037e-01
2.633812402610340598e-03 -2.782477833796999714e-02 -6.504401558921254489e-01
1.987276562315700920e-02 -1.625478815394269111e-02 -6.543533096545511851e-01
-3.434217203881921587e-02 -7.285193066183758004e-02 -6.506075287673291907e-01
-3.543363672309929324e-02 -7.546253951833488405e-02 -6.504567625203152570e-01
1.064917532199284415e-02 -2.322039249276674697e-02 -6.696765795429052703e-01
-3.191408458566661471e-02 -7.128372119503866011e-02 -6.609885467746156040e-01
-9.856902033989463005e-03 -3.086777784578656481e-02 -6.777848225230450607e-01
-1.200823245536365193e-02 -3.471415162421701006e-02 -6.951408542819734748e-01
3.131888259128897539e-02 9.991115417335333024e-03 -7.113001138483259211e-01
-2.649586431419790125e-02 -5.730177812239900526e-02 -6.941121907721756745e-01
-1.881429127530392584e-02 -4.144327431309502430e-02 -7.035459111263966392e-01
-2.999114355563370013e-02 -6.604397543448713159e-02 -6.931246264335539919e-01
-1.742640134914468300e-02 -4.336222258767292309e-02 -7.059144629370170954e-01
-1.562011953177155563e-02 -4.188196440323652125e-02 -7.077553860028571453e-01
-2.160285394582429908e-02 -4.836160003997411194e-02 -7.059186525302201254e-01
-2.364080196832764325e-02 -5.257726084186253174e-02 -7.041689193960027904e-01
3.488684168435091104e-02 -1.390897466284911604e-03 -7.145562795268417533e-01
-2.237253842771675522e-02 -5.231242929627478305e-02 -7.063694117701929676e-01
-2.462264711005460877e-02 -5.580566253617329220e-02 -7.069636777981765929e-01
-1.715473334376363401e-02 -4.442046453773845771e-02 -7.127309921080078325e-01
7.983790854205096571e-03 1.727560557644716374e-02 -5.394164222714826762e-01
-5.755997940958861719e-03 -1.727291274942863511e-02 -5.686951965229876116e-01
4.540980427889656883e-03 -1.157220999609566252e-02 -5.737279238798589365e-01
3.964083036267473242e-02 1.812478236607621696e-02 -6.146980271743621715e-01
3.551843675722911493e-03 -2.179793886356931262e-02 -6.050958186400521299e-01
9.292864528620889755e-03 -1.977556968590716766e-02 -6.059224557877493922e-01
2.592981736550228206e-02 -1.058877887887474389e-02 -6.108273923856191168e-01
8.753051779354049586e-03 -1.946541128550915295e-02 -6.099869312730313853e-01
7.321134486386818817e-03 -2.214771594297257340e-02 -6.308385632206667815e-01
-1.712511589180856428e-02 -3.751244894377546435e-02 -6.399362480492430949e-01
1.042754234916302113e-02 -2.262125924143609801e-02 -6.431223497997992089e-01
1.929272605437203775e-02 -1.890424551971657541e-02 -6.671779560782453711e-01
-3.795869340237253975e-02 -7.855630382099977604e-02 -6.471327696069844038e-01
-3.597423128297719264e-02 -7.607921906339772111e-02 -6.551380606023109454e-01
-3.296319557613957424e-02 -7.214457756269736233e-02 -6.573093568307275536e-01
-3.424324396406817211e-02 -7.444030273612073367e-02 -6.585074249780885625e-01
-7.146729590198708584e-03 -3.019716896646905402e-02 -6.820724706806862159e-01
-3.999402135235023692e-03 -2.736050334314487839e-02 -6.896557524451615295e-01
-2.997381648920111746e-02 -5.714023995420071389e-02 -6.807482791920289600e-01
2.388051205069661662e-02 -1.115335330518142654e-02 -6.975956267043625925e-01
-6.872499808686973084e-03 -3.056638176449722258e-02 -6.935958976526802600e-01
-2.990678869155466782e-02 -6.648247539802847050e-02 -6.776547379496035139e-01
-3.073430110936700016e-02 -6.791657067620882060e-02 -6.777911525003074145e-01
2.212573898841947023e-02 -1.123334031803767397e-02 -7.024724983123435962e-01
-6.774138118245720368e-03 -3.014281336151092630e-02 -6.981303202979178835e-01
-1.119473680795908012e-02 9.373710511172698078e-04 -7.206850409975695815e-01
-8.666903907910189844e-03 -3.247698277461540106e-02 -7.028705606431658870e-01
-3.002554806129485374e-02 -6.459365920904583391e-02 -6.991752992633730734e-01
-2.068358640174188662e-02 -5.066895421244287795e-02 -7.111725443334584451e-01
4.137738147868439027e-03 -2.648744235735286251e-02 -7.221297569768528879e-01
-2.123047908156386679e-02 -5.154149136048349900e-02 -7.132307577188902181e-01
4.572754185085536362e-03 -8.998610657746023214e-03 -5.644215174215937436e-01
8.365647322135546030e-03 -7.417167605995004728e-03 -5.740889740892177739e-01
-1.157670472564231723e-02 -3.138026113905127007e-02 -5.980204965729819522e-01
-2.613291101782967262e-03 -2.154458435867189284e-02 -6.036635631693733073e-01
-1.643351796962209954e-02 -2.026776073019774527e-02 -6.128467003600033269e-01
9.971764240406025964e-03 -1.884621075084210243e-02 -6.115643512564027384e-01
8.675006759337350673e-03 -1.999693658982037991e-02 -6.159686375844989348e-01
1.993225617621997327e-03 -2.342030521497342685e-02 -6.177792076130083077e-01
1.517509872698493550e-03 -2.301300457331946492e-02 -6.202826516379191801e-01
5.650747383702689648e-03 -2.238520580658675749e-02 -6.234766314561381861e-01
4.848171779619959813e-03 -2.379936632320275858e-02 -6.302819583770729039e-01
-2.982134672327688748e-03 -2.497361868083372224e-02 -6.330374180611637591e-01
5.087803585174915585e-03 -2.435398379510852335e-02 -6.336507970568899806e-01
3.593063437092585723e-03 -2.538433582862726842e-02 -6.353005546666683490e-01
4.068309177313080005e-03 -2.628906072878381059e-02 -6.401035315692684691e-01
8.594644416243238036e-03 -2.345069958815450273e-02 -6.415267370423620719e-01
9.200527539834704727e-03 -2.461414751063623757e-02 -6.462251710244688585e-01
-3.715124372726617136e-03 -2.799500934225895507e-02 -6.467361586640870685e-01
1.687224668866609337e-02 -2.137308386941080482e-02 -6.532902882902208441e-01
1.002760432415154661e-02 -2.544020964349159863e-02 -6.578193279862001308e-01
-1.755850878594531969e-02 -3.460628765769531434e-02 -6.595373803617556874e-01
-5.573362702957495056e-04 -2.779606729927311046e-02 -6.660569363485103755e-01
-3.597282523616189553e-02 -7.659463211135821015e-02 -6.492392531066423222e-01
-3.434364759277701989e-02 -7.375228178863640904e-02 -6.535524646889667721e-01
-3.696216705513535872e-02 -7.802533036764114360e-02 -6.534204505234784133e-01
-5.666058480222451073e-03 -2.984432464334066740e-02 -6.896383855637585603e-01
-3.144991407134966471e-02 -6.848692937623938881e-02 -6.668003722244020270e-01
-4.717356125077465552e-03 -2.835511617479866825e-02 -6.935469797809632464e-01
2.422640900275757278e-02 -9.534900913157489527e-03 -7.030690631899855214e-01
-8.328982582988166822e-03 -3.168208887248454703e-02 -7.041802293033575522e-01
-1.340192307248574966e-02 -3.776666408396307795e-02 -7.018993242351454498e-01
2.542390259350569420e-02 -7.170427086119881242e-03 -7.187409986437696130e-01
-2.010612046385128887e-02 -4.414234475645982536e-02 -7.037108520640517062e-01
-2.972803715871076211e-02 -6.588913818637734399e-02 -6.906274453529209767e-01
-2.159691022136627295e-02 -4.738443370119151121e-02 -7.184934943474763358e-01
-2.916222024964350464e-03 -7.255355575237522336e-02 -7.227373545614403927e-01
7.182125816517387698e-03 -9.770991180748502675e-03 -5.741434176140371992e-01
-1.330121279937839266e-03 -1.912415156611487616e-02 -5.920031296936318910e-01
3.920785029222286638e-02 1.206149180475116038e-02 -6.166212438159357490e-01
3.416952115598673179e-02 5.954936434623130971e-03 -6.165293420236651611e-01
3.743706629547770975e-03 -2.228753527887858063e-02 -6.118548279438019710e-01
-1.164185378013687499e-03 -2.311791028012177840e-02 -6.116851894159752723e-01
7.447875718162892504e-03 -2.068544412719764553e-02 -6.147072913720840193e-01
4.574189875565435465e-03 -2.249227554209144719e-02 -6.175657244646709509e-01
5.437952228874545421e-03 -2.465530142993179255e-02 -6.359706076006579334e-01
1.489999472200945890e-02 -2.229004359325924972e-02 -6.503588177374376444e-01
-6.386854103691085418e-04 -2.862508850186358880e-02 -6.522540824463020082e-01
5.783440504977271739e-03 -2.621990606680937169e-02 -6.541358744253721325e-01
1.840875298499445104e-02 -2.003454447206785491e-02 -6.596724504016335811e-01
1.258242380669673949e-02 -2.439065378644042839e-02 -6.594276624427927169e-01
2.045846848048068697e-02 -1.765022340472050671e-02 -6.644227727708235109e-01
1.401126045911456515e-02 -2.350251406029258902e-02 -6.615048233559458479e-01
1.251489853965832887e-03 -2.814509996419556348e-02 -6.593401557343969710e-01
2.060547807621024990e-02 -1.736325133246392413e-02 -6.692110525131982346e-01
1.738136205382662461e-02 -1.740041678373008271e-02 -6.779557817238542894e-01
1.622956364040232385e-02 -1.532274017077563631e-02 -6.835479624804773335e-01
-3.594315902506629856e-02 -7.103735434991516329e-02 -6.479681541362165564e-01
-3.246095687934683754e-02 -6.467836286809290625e-02 -6.547658779557673503e-01
-2.990474971527215184e-02 -6.684132447261784127e-02 -6.572325566159755716e-01
-1.309588436890261713e-02 -3.463238887677407701e-02 -6.801374277353018361e-01
-2.883882211378105756e-02 -6.464570680838374606e-02 -6.670157475464802976e-01
-7.248358017317926491e-03 -3.088418750131301585e-02 -6.911412070315272604e-01
-2.064698624467523752e-02 -3.856208343452491999e-02 -6.898425999229952366e-01
3.078488104757050314e-02 -4.482336482623897403e-03 -7.138032195592930451e-01
2.161438556597737939e-02 -9.276528361445794332e-03 -7.121226366935383689e-01
-3.293574970765467125e-02 -7.116442746777640327e-02 -6.699302846540993173e-01
-2.817936122049984060e-02 -5.467485910353361150e-02 -6.890639958454830571e-01
-3.318448052122815323e-02 -7.020403274610585720e-02 -6.799025135424274779e-01
-1.531324399733433560e-02 -4.017333463656481279e-02 -7.049602123437237466e-01
-2.477240353269040754e-02 -5.316867692554383407e-02 -7.018115489572269716e-01
-2.776236142150987490e-02 -6.334861389126189568e-02 -6.985184245224216326e-01
-2.820528390515714048e-03 -8.945222698788163687e-03 -5.649012118686965733e-01
4.885926253949322146e-03 -1.875694789200016768e-02 -5.894550459519688479e-01
9.210591221119553834e-03 -2.035893050826707851e-02 -6.001694393392964511e-01
-1.929324930251002804e-03 -2.208090248558187974e-02 -6.092624764382154057e-01
-3.960861731613919169e-03 -2.457101396042442321e-02 -6.288763734532801797e-01
-3.721554017571137001e-03 -2.555466959964080784e-02 -6.320358433749688754e-01
1.215196050528506017e-02 -2.434957282252316405e-02 -6.509139502389903464e-01
1.721186277401294540e-02 -2.159228616305410714e-02 -6.561157615934654075e-01
1.167141335743224553e-02 -2.542735846923738913e-02 -6.550071945972703036e-01
7.330341695016482501e-03 -2.583162347585694560e-02 -6.544728494302780586e-01
8.910223556919905042e-04 -2.865009494361049278e-02 -6.530227799918254528e-01
7.169306880793275411e-03 -2.601114558669337037e-02 -6.587227931144503668e-01
1.122844427754612906e-02 -2.485130894569543419e-02 -6.606127253114421061e-01
1.758287137576525216e-02 -2.031754011184914652e-02 -6.650753727964654471e-01
8.401231941488968707e-03 -2.516170262047799644e-02 -6.636056980581346298e-01
1.648529367776595950e-02 -2.001783960823300124e-02 -6.706203502576418840e-01
-7.454844181425564209e-03 -2.960548018710542836e-02 -6.658219784311796285e-01
-5.161880383052960646e-03 -2.902814490508590431e-02 -6.672883257241050137e-01
-7.798182774898887101e-03 -2.924360808939257053e-02 -6.700269765044865045e-01
-7.962420952304415447e-03 -2.902822515801643799e-02 -6.786534114841614729e-01
-5.441726052790293866e-03 -2.859878820884650952e-02 -6.797229779326237065e-01
3.137469917555712334e-02 9.881615432167740673e-03 -7.101076494259879190e-01
-1.196028892735998862e-02 -3.255738888844491447e-02 -6.781209197758093499e-01
-1.900371131858065096e-02 -3.545461030033020267e-02 -6.799536494334315062e-01
-3.805665477361301618e-02 -7.972356915474319849e-02 -6.481036879398255346e-01
-3.118120699235291116e-02 -6.847968757668101980e-02 -6.582418276902615162e-01
3.500556003405626282e-02 -1.023257166789558800e-03 -7.136299351609638464e-01
-1.619991428537603806e-02 -3.195191781132818154e-02 -6.882187143858481404e-01
2.291637516827621859e-02 -8.645457606834234393e-03 -7.147469444219706203e-01
-3.471901009192850801e-02 -7.171594438190012633e-02 -6.682576984886425819e-01
-1.030829303342371654e-02 -3.331428394827391087e-02 -6.978709456432100611e-01
-1.511204462975814303e-02 -3.721177815338227307e-02 -6.991345750325578257e-01
-2.467361844453104178e-02 -5.591105175143560452e-02 -7.043553916262781378e-01
-8.323985108010671695e-04 -1.367933930754091504e-02 -5.761496371463108446e-01
-1.264143953212435540e-03 -2.110993799718801842e-02 -5.987380710536857054e-01
1.948924159618372828e-02 -1.689841546535690922e-02 -6.061170220561733490e-01
4.348537829364479412e-03 -2.182402278161334891e-02 -6.070175494393372784e-01
5.257851971687474424e-03 -2.200857577550926342e-02 -6.125292751133682989e-01
7.283420742924003434e-04 -2.293644212915500052e-02 -6.141562782165642664e-01
-6.249625635983466383e-03 -2.883471513483051168e-02 -6.240242653414267426e-01
2.643978066594352490e-04 -2.482424725160066459e-02 -6.287600177130167056e-01
2.603440870030537899e-03 -2.462972019941010726e-02 -6.295697570615771399e-01
-4.779928204338374474e-03 -2.566239155127495938e-02 -6.311611919603891119e-01
1.008122433428849149e-04 -2.554348322820445757e-02 -6.342647830259597885e-01
1.634298280899469224e-03 -2.611907628057499181e-02 -6.356737722905050347e-01
2.768626983005515255e-03 -2.747628468931659004e-02 -6.445475975923237177e-01
1.782994304765805893e-03 -2.759266434345130845e-02 -6.448609011874637531e-01
-4.524275819169891119e-03 -2.757350824849533893e-02 -6.451879082137433885e-01
1.516420868529664082e-02 -2.297323169012250796e-02 -6.558848077588151915e-01
6.039039013565538835e-03 -2.666076114893355456e-02 -6.558713917820133688e-01
-3.257685093763843767e-04 -2.863142383962599680e-02 -6.585971777026351504e-01
-4.206157835825547094e-03 -2.869694504225442366e-02 -6.633616866999885175e-01
-4.058239296931517512e-03 -2.892574401738163409e-02 -6.646075756699263426e-01
-5.984658924797916536e-03 -2.881678363374292826e-02 -6.743674596091826512e-01
-1.166869787565607067e-02 -2.941587225217822191e-02 -6.755031340824741992e-01
-9.263607469320339627e-03 -3.193553058540318096e-02 -6.913908094173893959e-01
-1.227556793732819534e-02 -3.332880231824260353e-02 -6.902753478458557579e-01
2.379969543603710144e-02 -7.999713375136168966e-03 -7.170491811449296593e-01
1.817539273831000890e-02 -9.485430108147183473e-03 -7.173936652465240371e-01
-1.165362412994405510e-02 -3.489620598404306884e-02 -6.960092370847269505e-01
-1.700795047834942342e-02 -3.915405818739731147e-02 -6.988134326358470538e-01
-1.969117329372864489e-02 -4.261401390835075492e-02 -6.978360839402015792e-01
-1.643455861855890737e-02 -4.196655852381558915e-02 -7.055165869109756294e-01
-3.285397649552009025e-02 -6.831808830744476313e-02 -6.880826896237925983e-01
8.783885121533746565e-03 -2.004109824442436641e-02 -5.924900820840168780e-01
-7.138783704690284532e-03 -1.785838435831669721e-02 -5.910234378809084976e-01
7.557612391372860129e-04 -2.073382531842004120e-02 -5.985881848692912177e-01
1.625379953637396541e-02 -1.858598245831687146e-02 -6.044048454514990842e-01
2.465588683084460418e-03 -2.201636552765705301e-02 -6.027693126535937918e-01
2.582728867209371868e-03 -2.221404000748405591e-02 -6.060826741648247529e-01
1.381939992399856734e-03 -2.256188512797963758e-02 -6.075867282582793072e-01
-4.475602131973543604e-03 -2.598555394738494631e-02 -6.139041289560703829e-01
7.652304450365776320e-03 -2.148705838542137522e-02 -6.265006413083460401e-01
1.232722420843445060e-03 -2.409735964039172798e-02 -6.247754708808330726e-01
-7.190223608022938999e-04 -2.436021499216175362e-02 -6.236171659146803048e-01
1.287232880205750087e-02 -2.437283081103975083e-02 -6.538321580675833244e-01
1.683154627726044612e-03 -2.842744691800212775e-02 -6.486363114940321140e-01
6.669741172712560263e-03 -2.603015357796987367e-02 -6.604039670051055078e-01
-5.831426712849260103e-04 -2.861573107320845855e-02 -6.567760714400040500e-01
-6.656541329034430972e-03 -2.932502611490932914e-02 -6.596949297251177846e-01
-1.556820406913276243e-02 -2.930719112979305804e-02 -6.738709656651598046e-01
-3.400692166569377339e-02 -7.121693405628130857e-02 -6.723710276210494996e-01
-3.368449339941125692e-02 -6.847877784522252154e-02 -6.912497780611908116e-01
3.139551279796632885e-03 -1.920244074084607316e-02 -5.903738876213719955e-01
6.942951932183446910e-03 -2.077928289336581150e-02 -5.957442259060953260e-01
2.809545197485672011e-03 -2.023941105455341269e-02 -5.946363413290028932e-01
-2.533627122752149692e-03 -1.888821487358365026e-02 -5.942384112574427002e-01
-1.537430651644607765e-02 -1.208727411161626686e-02 -5.978943553555051693e-01
4.093835999671623788e-03 -2.244853147413148134e-02 -6.039149644902486180e-01
-1.373028592198342543e-02 -1.519605944293700786e-02 -6.052577476992822003e-01
-1.767944989351007178e-03 -2.590984186482921461e-02 -6.334527707723375256e-01
-4.414942541820431228e-03 -2.806122204905981896e-02 -6.472519088606126791e-01
1.011561685941024871e-02 -2.566767605518368092e-02 -6.553051920631306482e-01
-2.554268450733019648e-03 -2.886717605867416062e-02 -6.543413556069519466e-01
-4.108441633207254862e-03 -2.874079661578218814e-02 -6.547803600727687412e-01
-3.190310929038094739e-03 -2.878360969797439869e-02 -6.611668860892323529e-01
-1.111599221761050416e-02 -2.920777251560457977e-02 -6.683566243742725677e-01
1.646826974158639365e-02 -1.386751321658121969e-02 -6.886731599733798559e-01
-8.570063009463150042e-03 -2.919816510171269891e-02 -6.724933772177937863e-01
-3.622631003361619778e-02 -7.037042493441467150e-02 -6.786420725651626240e-01
1.043126122941502240e-02 -2.030611094259888658e-02 -5.972284636958150594e-01
1.036365360586440076e-03 -2.014733634315847219e-02 -5.944083098393705411e-01
1.349476940784200820e-03 -2.214959095681983542e-02 -6.032849443074498330e-01
-1.441434383590475907e-03 -2.382209729408549942e-02 -6.216260155298063417e-01
2.083914381377209839e-03 -2.693096573559533580e-02 -6.372129402320104719e-01
2.363134175601018776e-03 -2.669841966244246648e-02 -6.408520797639751798e-01
-8.969085706850955060e-05 -2.771556289073567533e-02 -6.441213859205986436e-01
-1.861172252570379238e-03 -2.789276935637519453e-02 -6.459045684730158055e-01
-2.456085046904140853e-02 -6.432128643933889348e-03 -6.473787639506271008e-01
-1.915974492254929329e-02 -1.910378051059045956e-02 -6.473674986768624962e-01
-1.681587267740875663e-02 -2.469623713310034260e-02 -6.467369023125320027e-01
-2.048370613442061089e-02 -1.704705234911426878e-02 -6.483871472594465724e-01
-3.562157342614983430e-02 -6.988855251374956334e-02 -6.828983348307524626e-01
-3.341832430358987471e-02 -6.701732191478386447e-02 -6.949018038681301634e-01
2.113760782906479348e-03 -2.153672109840366888e-02 -6.005547423333281731e-01
-1.582864845165415923e-02 -1.191642453403163673e-02 -6.035557257003897336e-01
-1.316378309783193014e-02 -2.256873195632083315e-02 -6.352482797466318942e-01
-1.395970279371004045e-03 -1.481319590088812053e-02 -5.774915845006155513e-01
-1.475200956037961073e-02 -1.114606498881689362e-02 -5.938706819817366478e-01
-6.828815467226334243e-03 -2.713095570543753998e-02 -6.322176856511704246e-01
-1.806607291053168377e-02 -2.036640780835660691e-02 -6.478855090817150497e-01
-1.399613703202449641e-02 -3.010261476564356567e-02 -6.528059973766155988e-01
-1.897340137021348572e-02 -1.988462471429932807e-02 -6.555417972199263366e-01
-1.446920108586536441e-02 -2.803200949832873601e-02 -6.706300589219597041e-01
-1.961819110461700960e-02 -1.884683067107164808e-02 -6.715512637075199409e-01
-4.396742292392892548e-02 -8.242284473445192494e-02 -6.425020744696841035e-01
-2.562533779423733712e-02 6.046659313591571348e-03 -6.970690208657309705e-01
-3.783386696939716742e-02 -6.633478813627191606e-02 -6.869487838180134975e-01
-2.555668265980393095e-02 -3.801321988234290274e-03 -7.147632919826942821e-01
-2.744925368302442506e-02 -7.129494647684593350e-04 -7.174500387515345690e-01
6.058518785894482020e-03 1.687303535032767463e-02 -5.392322167472525241e-01
-2.672672691307353878e-03 -8.632758804388809826e-03 -5.615731300796765746e-01
-3.425016278365825961e-03 -9.765335536414111034e-03 -5.650461676989818605e-01
-3.533280309656825109e-03 -1.020703126225667133e-02 -5.676960062901295068e-01
-9.706154974767134888e-03 -9.859256493080224490e-03 -5.780837495070637599e-01
-1.173641709955737175e-02 -6.803110904661897711e-03 -5.819638223785561504e-01
-1.322784746126767774e-02 -9.116133365498190963e-03 -5.854725879353402940e-01
-1.465733092352992060e-02 -1.557684115758314978e-03 -5.859839177401053867e-01
-1.623144526027287676e-02 -4.940047038727705432e-03 -5.872322526142998989e-01
-1.721798483509101238e-02 -4.041366073138814678e-03 -5.896828548190342634e-01
-1.398112373572821254e-02 -1.104032239743373174e-02 -5.917422171871981051e-01
-1.636558214650466261e-02 -8.989654497034434144e-03 -5.930359264707459888e-01
-1.776288929407173270e-02 -7.504873800187733361e-03 -5.929291066682204070e-01
-8.705870554126280553e-03 -1.751383117935000067e-02 -5.984843200116980455e-01
-1.826529018084812467e-02 -5.214899921199099911e-03 -5.943014554731083088e-01
-1.759672422317395610e-02 -8.162063797678933974e-03 -5.993448549737866449e-01
-1.692959528055199697e-02 -1.016002570919896479e-02 -6.037227409064727102e-01
-1.513266526412937463e-02 -1.375759184121477970e-02 -6.064357018312159786e-01
-1.621922510306916115e-02 -1.223273818607041423e-02 -6.074981451076492123e-01
-1.521007415794653657e-02 -1.439063771719565482e-02 -6.088334541566883251e-01
-1.822220295537118132e-02 -6.138867015419055030e-03 -6.105746006361334466e-01
-2.643667982208951911e-02 1.542909519141291447e-03 -6.132910919666590965e-01
-1.645106996853125392e-02 -1.463395693492636034e-02 -6.173637786241572556e-01
-1.742619986338167504e-02 -1.237426118315383336e-02 -6.208854684616091912e-01
-1.640781258770749110e-02 -1.752493925685403089e-02 -6.258952761531453302e-01
-1.817224970794504083e-02 -1.522715316207622939e-02 -6.278536048214891085e-01
-1.624391240623563465e-02 -1.902676775893864108e-02 -6.302661689573486603e-01
-1.821111811230486169e-02 -1.505068637669584528e-02 -6.301305140639563707e-01
-1.732813474639224860e-02 -1.683708265524596834e-02 -6.310342202976149117e-01
-1.741682737628272998e-02 -1.915002793261959962e-02 -6.345498389733775779e-01
-1.716046327606366925e-02 -1.918724180345457442e-02 -6.375793153585348483e-01
-1.874761506763501090e-02 -1.759354555675130688e-02 -6.380925887177927303e-01
-1.719862259120685799e-02 2.558307242399277676e-02 -6.457331824379104468e-01
-1.910152979741094534e-02 -1.770571456064664456e-02 -6.422237911538130062e-01
-1.735307253416516413e-02 -2.153973479277134992e-02 -6.449256355765979887e-01
-1.871041070068350451e-02 -1.975525259296385255e-02 -6.449576127867000519e-01
-2.307609126811868694e-02 -8.831328014291144057e-03 -6.457696482133271632e-01
-1.415137964179036430e-02 -2.972216017393328885e-02 -6.491491010824306240e-01
-1.850355522150774409e-02 -2.078156902993729890e-02 -6.490290501653436239e-01
-2.259669087420728209e-02 -1.451847906030587568e-02 -6.492478847742253478e-01
-2.068115733780150067e-02 -1.820402055123526708e-02 -6.511018612190901944e-01
-1.902172898075735544e-02 -2.009918807753860795e-02 -6.521611682992836112e-01
-2.063564994713534481e-02 -1.842938468512832911e-02 -6.525446499853760907e-01
-1.537811455388294127e-02 -2.351566206304716786e-02 -6.575447026907671466e-01
-1.789054840846900432e-02 -2.208727326457495324e-02 -6.574547940347580388e-01
-2.057966394007663263e-02 -1.819019776075380193e-02 -6.562643595780360828e-01
-2.245603399982947293e-02 -1.198648028509165762e-02 -6.573923941375494628e-01
-2.443183798101339343e-02 -9.666386430602550914e-03 -6.569283902981776224e-01
-1.843914561529704302e-02 -2.160172733728634581e-02 -6.606702340675326690e-01
-2.356847481712932152e-02 -1.101294495262434420e-02 -6.588773172045168103e-01
-1.944776722648405495e-02 -1.901152344441195755e-02 -6.623468562351108035e-01
-1.831849193145564450e-02 -2.281917819711040685e-02 -6.636074552416253436e-01
-1.973315352391428676e-02 -1.945323729910935009e-02 -6.644218753740600558e-01
-1.857440992321690229e-02 -2.183631776055280221e-02 -6.663475312431775821e-01
-4.434629989367059461e-02 -8.095982310162264106e-02 -6.409227838165000302e-01
-2.503738093048570035e-02 -7.104714293201081290e-03 -6.651712669331395489e-01
-1.945470292322385927e-02 -1.826411894348755824e-02 -6.702824953878896430e-01
-1.826861646146465262e-02 -2.385364076968857563e-02 -6.751879635639691513e-01
-1.958672160076034216e-02 -2.590445727762146974e-02 -6.869473706929869472e-01
-1.841456720596669483e-02 -3.197915890133772726e-02 -6.879730467802880334e-01
-2.478836626749324548e-02 -2.825269722642420015e-04 -6.919164985521792932e-01
-2.483046999888235615e-02 -5.996265450953250191e-04 -6.939726249582631734e-01
-2.483989662799545098e-02 -1.161622966356313721e-03 -6.950955267331594412e-01
-2.353789644244606849e-02 -3.298925384360389818e-02 -6.920246478240553722e-01
-2.106849907497378507e-02 -3.675383761534699312e-02 -6.958857184551983099e-01
-2.518161977817099870e-02 -1.304728130866403659e-03 -6.981966220837997339e-01
-2.156916824465887270e-02 -3.327058268905153104e-02 -6.981145590695535530e-01
-2.596235974957635667e-02 4.110183524165030716e-03 -7.049520383531258094e-01
-2.614135467610973970e-02 2.766880301259447934e-04 -7.081055630687703717e-01
-2.603122843982749735e-02 -3.737006945190642776e-02 -7.065282416291200906e-01
-2.649653507554338913e-02 1.200465214144640774e-02 -7.154737608552866890e-01
-2.795507122202656528e-02 7.529922102551648037e-04 -7.140599690863902449e-01
