-9.209245263908774626e-03 4.682202919540928709e-02 -9.988607947976004819e-01
-9.209245263908830137e-03 4.682202919540945363e-02 -9.988607947976000379e-01
-9.209245263908857893e-03 4.682202919540928709e-02 -9.988607947976000379e-01
-9.209245263908927281e-03 4.682202919540906505e-02 -9.988607947976002599e-01
-9.209245263909107693e-03 4.682202919540906505e-02 -9.988607947976002599e-01
-9.209245263908968915e-03 4.682202919540956465e-02 -9.988607947975998158e-01
-9.209245263908788504e-03 4.682202919540917607e-02 -9.988607947976004819e-01
-9.209245263908649726e-03 4.682202919540928709e-02 -9.988607947976000379e-01
-9.209245263908691359e-03 4.682202919540923158e-02 -9.988607947976002599e-01
-9.209245263908732992e-03 4.682202919540900954e-02 -9.988607947976002599e-01
-9.209245263908788504e-03 4.682202919540912056e-02 -9.988607947976004819e-01
-9.209245263909038304e-03 4.682202919540928709e-02 -9.988607947976000379e-01
-9.209245263908844015e-03 4.682202919540923158e-02 -9.988607947976001489e-01
-9.209245263908746870e-03 4.682202919540956465e-02 -9.988607947975999268e-01
-9.209245263908968915e-03 4.682202919540945363e-02 -9.988607947976000379e-01
-9.209245263908913404e-03 4.682202919540895403e-02 -9.988607947976003709e-01
-9.209245263908760748e-03 4.682202919540934261e-02 -9.988607947976002599e-01
-9.209245263908816259e-03 4.682202919540928709e-02 -9.988607947976004819e-01
-9.209245263908857893e-03 4.682202919540928709e-02 -9.988607947976002599e-01
-9.209245263908705237e-03 4.682202919540906505e-02 -9.988607947976003709e-01
-9.209245263909052182e-03 4.682202919540939812e-02 -9.988607947976002599e-01
-9.209245263908455437e-03 4.682202919540939812e-02 -9.988607947976000379e-01
-9.209245263908899526e-03 4.682202919540917607e-02 -9.988607947976002599e-01
-9.209245263908760748e-03 4.682202919540912056e-02 -9.988607947976004819e-01
-9.209245263909107693e-03 4.682202919540939812e-02 -9.988607947976002599e-01
-9.209245263908732992e-03 4.682202919540945363e-02 -9.988607947976002599e-01
-9.209245263908982793e-03 4.682202919540934261e-02 -9.988607947976000379e-01
-9.209245263908732992e-03 4.682202919540923158e-02 -9.988607947976002599e-01
-9.209245263908691359e-03 4.682202919540923158e-02 -9.988607947976002599e-01
-9.209245263908774626e-03 4.682202919540939812e-02 -9.988607947976002599e-01
-9.209245263908732992e-03 4.682202919540912056e-02 -9.988607947976001489e-01
-9.209245263908580337e-03 4.682202919540895403e-02 -9.988607947976003709e-01
-9.209245263908621970e-03 4.682202919540945363e-02 -9.988607947976001489e-01
-9.209245263908830137e-03 4.682202919540923158e-02 -9.988607947976000379e-01
-9.209245263908941159e-03 4.682202919540912056e-02 -9.988607947976004819e-01
-9.209245263908871770e-03 4.682202919540900954e-02 -9.988607947976000379e-01
